Using pre-set license
Built from '2021.3/staging' branch; Version is '2021.3.22f1 (b6c551784ba3) revision 11978065'; Using compiler version '192829333'; Build Type 'Release'
OS: 'Windows 10  (10.0.19045) 64bit Professional' Language: 'ru' Physical Memory: 8057 MB
BatchMode: 1, IsHumanControllingUs: 0, StartBugReporterOnCrash: 0, Is64bit: 1, IsPro: 1

COMMAND LINE ARGUMENTS:
C:\Program Files\Unity\Hub\Editor\2021.3.22f1\Editor\Unity.exe
-adb2
-batchMode
-noUpm
-name
AssetImportWorker4
-projectPath
C:/Users/User/Documents/GitHub/My2D
-logFile
Logs/AssetImportWorker4.log
-srvPort
52660
Successfully changed project path to: C:/Users/User/Documents/GitHub/My2D
C:/Users/User/Documents/GitHub/My2D
[UnityMemory] Configuration Parameters - Can be set up in boot.config
    "memorysetup-bucket-allocator-granularity=16"
    "memorysetup-bucket-allocator-bucket-count=8"
    "memorysetup-bucket-allocator-block-size=33554432"
    "memorysetup-bucket-allocator-block-count=8"
    "memorysetup-main-allocator-block-size=16777216"
    "memorysetup-thread-allocator-block-size=16777216"
    "memorysetup-gfx-main-allocator-block-size=16777216"
    "memorysetup-gfx-thread-allocator-block-size=16777216"
    "memorysetup-cache-allocator-block-size=4194304"
    "memorysetup-typetree-allocator-block-size=2097152"
    "memorysetup-profiler-bucket-allocator-granularity=16"
    "memorysetup-profiler-bucket-allocator-bucket-count=8"
    "memorysetup-profiler-bucket-allocator-block-size=33554432"
    "memorysetup-profiler-bucket-allocator-block-count=8"
    "memorysetup-profiler-allocator-block-size=16777216"
    "memorysetup-profiler-editor-allocator-block-size=1048576"
    "memorysetup-temp-allocator-size-main=16777216"
    "memorysetup-job-temp-allocator-block-size=2097152"
    "memorysetup-job-temp-allocator-block-size-background=1048576"
    "memorysetup-job-temp-allocator-reduction-small-platforms=262144"
    "memorysetup-temp-allocator-size-background-worker=32768"
    "memorysetup-temp-allocator-size-job-worker=262144"
    "memorysetup-temp-allocator-size-preload-manager=33554432"
    "memorysetup-temp-allocator-size-nav-mesh-worker=65536"
    "memorysetup-temp-allocator-size-audio-worker=65536"
    "memorysetup-temp-allocator-size-cloud-worker=32768"
    "memorysetup-temp-allocator-size-gi-baking-worker=262144"
    "memorysetup-temp-allocator-size-gfx=262144"
Player connection [10148] Host "[IP] 10.158.39.4 [Port] 0 [Flags] 2 [Guid] 395567669 [EditorId] 395567669 [Version] 1048832 [Id] WindowsEditor(7,DESKTOP-MG3MO38) [Debug] 1 [PackageName] WindowsEditor [ProjectName] Editor" joined multi-casting on [225.0.0.222:54997]...

Player connection [10148] Host "[IP] 10.158.39.4 [Port] 0 [Flags] 2 [Guid] 395567669 [EditorId] 395567669 [Version] 1048832 [Id] WindowsEditor(7,DESKTOP-MG3MO38) [Debug] 1 [PackageName] WindowsEditor [ProjectName] Editor" joined alternative multi-casting on [225.0.0.222:34997]...

Refreshing native plugins compatible for Editor in 165.58 ms, found 4 plugins.
Preloading 0 native plugins for Editor in 0.00 ms.
Initialize engine version: 2021.3.22f1 (b6c551784ba3)
[Subsystems] Discovering subsystems at path C:/Program Files/Unity/Hub/Editor/2021.3.22f1/Editor/Data/Resources/UnitySubsystems
[Subsystems] Discovering subsystems at path C:/Users/User/Documents/GitHub/My2D/Assets
GfxDevice: creating device client; threaded=0; jobified=0
Direct3D:
    Version:  Direct3D 11.0 [level 11.1]
    Renderer: Intel(R) HD Graphics 630 (ID=0x5912)
    Vendor:   Intel
    VRAM:     4028 MB
    Driver:   23.20.16.4974
Initialize mono
Mono path[0] = 'C:/Program Files/Unity/Hub/Editor/2021.3.22f1/Editor/Data/Managed'
Mono path[1] = 'C:/Program Files/Unity/Hub/Editor/2021.3.22f1/Editor/Data/MonoBleedingEdge/lib/mono/unityjit-win32'
Mono config path = 'C:/Program Files/Unity/Hub/Editor/2021.3.22f1/Editor/Data/MonoBleedingEdge/etc'
Using monoOptions --debugger-agent=transport=dt_socket,embedding=1,server=y,suspend=n,address=127.0.0.1:56456
Begin MonoManager ReloadAssembly
Registering precompiled unity dll's ...
Register platform support module: C:/Program Files/Unity/Hub/Editor/2021.3.22f1/Editor/Data/PlaybackEngines/WindowsStandaloneSupport/UnityEditor.WindowsStandalone.Extensions.dll
Registered in 0.009594 seconds.
Native extension for WindowsStandalone target not found
Refreshing native plugins compatible for Editor in 155.27 ms, found 4 plugins.
Preloading 0 native plugins for Editor in 0.00 ms.
Mono: successfully reloaded assembly
- Completed reload, in  1.199 seconds
Domain Reload Profiling:
	ReloadAssembly (1199ms)
		BeginReloadAssembly (153ms)
			ExecutionOrderSort (0ms)
			DisableScriptedObjects (0ms)
			BackupInstance (0ms)
			ReleaseScriptingObjects (0ms)
			CreateAndSetChildDomain (2ms)
		EndReloadAssembly (836ms)
			LoadAssemblies (149ms)
			RebuildTransferFunctionScriptingTraits (0ms)
			SetupTypeCache (181ms)
			ReleaseScriptCaches (0ms)
			RebuildScriptCaches (81ms)
			SetupLoadedEditorAssemblies (488ms)
				LogAssemblyErrors (0ms)
				InitializePlatformSupportModulesInManaged (13ms)
				SetLoadedEditorAssemblies (0ms)
				RefreshPlugins (155ms)
				BeforeProcessingInitializeOnLoad (2ms)
				ProcessInitializeOnLoadAttributes (236ms)
				ProcessInitializeOnLoadMethodAttributes (82ms)
				AfterProcessingInitializeOnLoad (0ms)
				EditorAssembliesLoaded (0ms)
			ExecutionOrderSort2 (0ms)
			AwakeInstancesAfterBackupRestoration (0ms)
Platform modules already initialized, skipping
Registering precompiled user dll's ...
Registered in 0.013487 seconds.
Begin MonoManager ReloadAssembly
Symbol file LoadedFromMemory doesn't match image C:\Users\User\Documents\GitHub\My2D\Library\PackageCache\com.unity.visualscripting@1.8.0\Editor\VisualScripting.Core\Dependencies\YamlDotNet\Unity.VisualScripting.YamlDotNet.dll
Symbol file LoadedFromMemory doesn't match image C:\Users\User\Documents\GitHub\My2D\Library\PackageCache\com.unity.visualscripting@1.8.0\Editor\VisualScripting.Core\Dependencies\DotNetZip\Unity.VisualScripting.IonicZip.dll
Native extension for WindowsStandalone target not found
Refreshing native plugins compatible for Editor in 136.07 ms, found 4 plugins.
Preloading 0 native plugins for Editor in 0.00 ms.
Mono: successfully reloaded assembly
- Completed reload, in  1.814 seconds
Domain Reload Profiling:
	ReloadAssembly (1815ms)
		BeginReloadAssembly (175ms)
			ExecutionOrderSort (0ms)
			DisableScriptedObjects (8ms)
			BackupInstance (0ms)
			ReleaseScriptingObjects (0ms)
			CreateAndSetChildDomain (28ms)
		EndReloadAssembly (1475ms)
			LoadAssemblies (144ms)
			RebuildTransferFunctionScriptingTraits (0ms)
			SetupTypeCache (379ms)
			ReleaseScriptCaches (1ms)
			RebuildScriptCaches (192ms)
			SetupLoadedEditorAssemblies (658ms)
				LogAssemblyErrors (0ms)
				InitializePlatformSupportModulesInManaged (5ms)
				SetLoadedEditorAssemblies (0ms)
				RefreshPlugins (136ms)
				BeforeProcessingInitializeOnLoad (161ms)
				ProcessInitializeOnLoadAttributes (306ms)
				ProcessInitializeOnLoadMethodAttributes (41ms)
				AfterProcessingInitializeOnLoad (8ms)
				EditorAssembliesLoaded (0ms)
			ExecutionOrderSort2 (0ms)
			AwakeInstancesAfterBackupRestoration (7ms)
Platform modules already initialized, skipping
========================================================================
Worker process is ready to serve import requests
Launched and connected shader compiler UnityShaderCompiler.exe after 0.14 seconds
Refreshing native plugins compatible for Editor in 0.64 ms, found 4 plugins.
Preloading 0 native plugins for Editor in 0.00 ms.
Unloading 4135 Unused Serialized files (Serialized files now loaded: 0)
Unloading 40 unused Assets / (56.6 KB). Loaded Objects now: 4603.
Memory consumption went from 159.8 MB to 159.8 MB.
Total: 3.511600 ms (FindLiveObjects: 0.324100 ms CreateObjectMapping: 0.306100 ms MarkObjects: 2.783200 ms  DeleteObjects: 0.097600 ms)

AssetImportParameters requested are different than current active one (requested -> active):
  custom:video-decoder-ogg-theora: a1e56fd34408186e4bbccfd4996cb3dc -> 
  custom:container-muxer-webm: aa71ff27fc2769a1b78a27578f13a17b -> 
  custom:container-demuxer-webm: 4f35f7cbe854078d1ac9338744f61a02 -> 
  custom:video-encoder-webm-vp8: eb34c28f22e8b96e1ab97ce403110664 -> 
  custom:video-codec-MediaFoundation-h265: 746d11721c4dcdbdad8f713fa42b33f4 -> 
  custom:audio-encoder-webm-vorbis: bf7c407c2cedff20999df2af8eb42d56 -> 
  custom:framework-win-MediaFoundation: 216162199b28c13a410421893ffa2e32 -> 
  custom:container-demuxer-ogg: 62fdf1f143b41e24485cea50d1cbac27 -> 
  custom:video-decoder-webm-vp8: 9c59270c3fd7afecdb556c50c9e8de78 -> 
  custom:audio-decoder-ogg-vorbis: bf7c407c2cedff20999df2af8eb42d56 -> 
========================================================================
Received Import Request.
  Time since last request: 14099.744639 seconds.
  path: Assets/Other/Script/EnemyStateMashine/Transition.cs
  artifactKey: Guid(dfbb88fe9aeacbe42a0b44c6fa6064bd) Importer(815301076,1909f56bfc062723c751e8b465ee728b)
Start importing Assets/Other/Script/EnemyStateMashine/Transition.cs using Guid(dfbb88fe9aeacbe42a0b44c6fa6064bd) Importer(815301076,1909f56bfc062723c751e8b465ee728b)  -> (artifact id: '76a6173fa70cb8fe3a4f16c89779e581') in 0.051944 seconds 
========================================================================
Received Import Request.
  Time since last request: 106.485908 seconds.
  path: Assets/Other/Script/EnemyStateMashine/StateMashine.cs
  artifactKey: Guid(6ecec057ec55f26439da419c4b58c1e3) Importer(815301076,1909f56bfc062723c751e8b465ee728b)
Start importing Assets/Other/Script/EnemyStateMashine/StateMashine.cs using Guid(6ecec057ec55f26439da419c4b58c1e3) Importer(815301076,1909f56bfc062723c751e8b465ee728b)  -> (artifact id: '2191bde8b15e58cc0dd05161ea344b92') in 0.015629 seconds 
========================================================================
Received Import Request.
  Time since last request: 4.478004 seconds.
  path: Assets/Other/Script/EnemyStateMashine/State.cs
  artifactKey: Guid(77b99edb940c31848bf0eb0b8ed33e91) Importer(815301076,1909f56bfc062723c751e8b465ee728b)
Start importing Assets/Other/Script/EnemyStateMashine/State.cs using Guid(77b99edb940c31848bf0eb0b8ed33e91) Importer(815301076,1909f56bfc062723c751e8b465ee728b)  -> (artifact id: '7b2641f12f6c5d29f3171f89805a5743') in 0.005035 seconds 
========================================================================
Received Import Request.
  Time since last request: 7.207561 seconds.
  path: Assets/Other/Script/EnemyStateMashine/Transitions
  artifactKey: Guid(71feb01a719f7b44581a09823c5c16f8) Importer(815301076,1909f56bfc062723c751e8b465ee728b)
Start importing Assets/Other/Script/EnemyStateMashine/Transitions using Guid(71feb01a719f7b44581a09823c5c16f8) Importer(815301076,1909f56bfc062723c751e8b465ee728b)  -> (artifact id: '41363b30ae669f02e6327b300ef2bf52') in 0.013234 seconds 
========================================================================
Received Import Request.
  Time since last request: 1.224102 seconds.
  path: Assets/Other/Script/EnemyStateMashine/Transitions/DistanceTransition.cs
  artifactKey: Guid(dcd0c3561863bd046b2df5900b160c58) Importer(815301076,1909f56bfc062723c751e8b465ee728b)
Start importing Assets/Other/Script/EnemyStateMashine/Transitions/DistanceTransition.cs using Guid(dcd0c3561863bd046b2df5900b160c58) Importer(815301076,1909f56bfc062723c751e8b465ee728b)  -> (artifact id: 'a7268e142dd267bd981b24983288791a') in 0.012958 seconds 
========================================================================
Received Import Request.
  Time since last request: 1.491920 seconds.
  path: Assets/Other/Script/EnemyStateMashine/Transitions/TargetDeadTransition.cs
  artifactKey: Guid(9fc11faa2b9c6524c8ebf18fa7ec82fc) Importer(815301076,1909f56bfc062723c751e8b465ee728b)
Start importing Assets/Other/Script/EnemyStateMashine/Transitions/TargetDeadTransition.cs using Guid(9fc11faa2b9c6524c8ebf18fa7ec82fc) Importer(815301076,1909f56bfc062723c751e8b465ee728b)  -> (artifact id: '357d3e85c02476d16abda3ca8ddf9e35') in 0.013306 seconds 
